<?xml version="1.0" encoding="UTF-8"?>

<mule xmlns:http="http://www.mulesoft.org/schema/mule/http" xmlns="http://www.mulesoft.org/schema/mule/core"
	xmlns:doc="http://www.mulesoft.org/schema/mule/documentation"
	xmlns:xsi="http://www.w3.org/2001/XMLSchema-instance" xsi:schemaLocation="http://www.mulesoft.org/schema/mule/core http://www.mulesoft.org/schema/mule/core/current/mule.xsd
http://www.mulesoft.org/schema/mule/http http://www.mulesoft.org/schema/mule/http/current/mule-http.xsd">
	<http:listener-config name="HTTP_Listener_config" doc:name="HTTP Listener config" doc:id="6b9adba9-f8c6-45a7-a394-551cc0345f00" >
		<http:listener-connection host="0.0.0.0" port="8081" />
	</http:listener-config>
	<flow name="test-projectFlow" doc:id="2623a7d9-d0aa-4b44-8949-cad959f08c1b" >
		<http:listener doc:name="Listener" doc:id="7dfd3696-42c2-49df-9b94-88daa882d946" config-ref="HTTP_Listener_config" path="/test-project"/>
		<set-payload value="test message" doc:name="Set Payload" doc:id="3da38493-8779-431b-88d2-4a519c7d4be8" />
	</flow>
</mule>
